<?xml version="1.0" encoding="UTF-8"?>
<!-- Generated by org.testng.reporters.JUnitXMLReporter -->
<testsuite ignored="0" hostname="DESKTOP-SBQ3GOM" failures="0" tests="8" name="Default test" time="26.35" errors="0" timestamp="2023-06-13T20:42:51 AST">
  <testcase classname="com.home.test.NavbarTest" name="testBlog" time="1.456"/>
  <testcase classname="com.home.test.NavbarTest" name="testCreateYourCV" time="1.421"/>
  <testcase classname="com.home.test.NavbarTest" name="testFindJobs" time="0.783"/>
  <testcase classname="com.home.test.NavbarTest" name="testForEmployers" time="2.353"/>
  <testcase classname="com.home.test.NavbarTest" name="testLogin" time="1.21"/>
  <testcase classname="com.home.test.NavbarTest" name="testLogo" time="0.964"/>
  <testcase classname="com.home.test.NavbarTest" name="testRegister" time="1.234"/>
  <testcase classname="com.home.test.NavbarTest" name="testcvServices" time="0.686"/>
</testsuite> <!-- Default test -->
