<?xml version="1.0" encoding="UTF-8"?>
<testng-results ignored="0" total="8" passed="8" failed="0" skipped="0">
  <reporter-output>
  </reporter-output>
  <suite started-at="2023-06-13T20:42:25 AST" name="Default suite" finished-at="2023-06-13T20:42:51 AST" duration-ms="26350">
    <groups>
    </groups>
    <test started-at="2023-06-13T20:42:25 AST" name="Default test" finished-at="2023-06-13T20:42:51 AST" duration-ms="26350">
      <class name="com.home.test.NavbarTest">
        <test-method is-config="true" signature="Setup()[pri:0, instance:com.home.test.NavbarTest@2d7275fc]" started-at="2023-06-13T20:42:25 AST" name="Setup" finished-at="2023-06-13T20:42:25 AST" duration-ms="807" status="PASS">
          <reporter-output>
          </reporter-output>
        </test-method> <!-- Setup -->
        <test-method is-config="true" signature="beforeTest()[pri:0, instance:com.home.test.NavbarTest@2d7275fc]" started-at="2023-06-13T20:42:25 AST" name="beforeTest" finished-at="2023-06-13T20:42:29 AST" duration-ms="3270" status="PASS">
          <reporter-output>
          </reporter-output>
        </test-method> <!-- beforeTest -->
        <test-method signature="testBlog()[pri:0, instance:com.home.test.NavbarTest@2d7275fc]" started-at="2023-06-13T20:42:29 AST" name="testBlog" finished-at="2023-06-13T20:42:30 AST" duration-ms="1456" status="PASS">
          <reporter-output>
          </reporter-output>
        </test-method> <!-- testBlog -->
        <test-method is-config="true" signature="beforeTest()[pri:0, instance:com.home.test.NavbarTest@2d7275fc]" started-at="2023-06-13T20:42:30 AST" name="beforeTest" finished-at="2023-06-13T20:42:32 AST" duration-ms="1752" status="PASS">
          <reporter-output>
          </reporter-output>
        </test-method> <!-- beforeTest -->
        <test-method signature="testCreateYourCV()[pri:0, instance:com.home.test.NavbarTest@2d7275fc]" started-at="2023-06-13T20:42:32 AST" name="testCreateYourCV" finished-at="2023-06-13T20:42:33 AST" duration-ms="1421" status="PASS">
          <reporter-output>
          </reporter-output>
        </test-method> <!-- testCreateYourCV -->
        <test-method is-config="true" signature="beforeTest()[pri:0, instance:com.home.test.NavbarTest@2d7275fc]" started-at="2023-06-13T20:42:33 AST" name="beforeTest" finished-at="2023-06-13T20:42:35 AST" duration-ms="1747" status="PASS">
          <reporter-output>
          </reporter-output>
        </test-method> <!-- beforeTest -->
        <test-method signature="testFindJobs()[pri:0, instance:com.home.test.NavbarTest@2d7275fc]" started-at="2023-06-13T20:42:35 AST" name="testFindJobs" finished-at="2023-06-13T20:42:36 AST" duration-ms="783" status="PASS">
          <reporter-output>
          </reporter-output>
        </test-method> <!-- testFindJobs -->
        <test-method is-config="true" signature="beforeTest()[pri:0, instance:com.home.test.NavbarTest@2d7275fc]" started-at="2023-06-13T20:42:36 AST" name="beforeTest" finished-at="2023-06-13T20:42:37 AST" duration-ms="1507" status="PASS">
          <reporter-output>
          </reporter-output>
        </test-method> <!-- beforeTest -->
        <test-method signature="testForEmployers()[pri:0, instance:com.home.test.NavbarTest@2d7275fc]" started-at="2023-06-13T20:42:37 AST" name="testForEmployers" finished-at="2023-06-13T20:42:40 AST" duration-ms="2353" status="PASS">
          <reporter-output>
          </reporter-output>
        </test-method> <!-- testForEmployers -->
        <test-method is-config="true" signature="beforeTest()[pri:0, instance:com.home.test.NavbarTest@2d7275fc]" started-at="2023-06-13T20:42:40 AST" name="beforeTest" finished-at="2023-06-13T20:42:41 AST" duration-ms="1736" status="PASS">
          <reporter-output>
          </reporter-output>
        </test-method> <!-- beforeTest -->
        <test-method signature="testLogin()[pri:0, instance:com.home.test.NavbarTest@2d7275fc]" started-at="2023-06-13T20:42:41 AST" name="testLogin" finished-at="2023-06-13T20:42:43 AST" duration-ms="1210" status="PASS">
          <reporter-output>
          </reporter-output>
        </test-method> <!-- testLogin -->
        <test-method is-config="true" signature="beforeTest()[pri:0, instance:com.home.test.NavbarTest@2d7275fc]" started-at="2023-06-13T20:42:43 AST" name="beforeTest" finished-at="2023-06-13T20:42:44 AST" duration-ms="1723" status="PASS">
          <reporter-output>
          </reporter-output>
        </test-method> <!-- beforeTest -->
        <test-method signature="testLogo()[pri:0, instance:com.home.test.NavbarTest@2d7275fc]" started-at="2023-06-13T20:42:44 AST" name="testLogo" finished-at="2023-06-13T20:42:45 AST" duration-ms="964" status="PASS">
          <reporter-output>
          </reporter-output>
        </test-method> <!-- testLogo -->
        <test-method is-config="true" signature="beforeTest()[pri:0, instance:com.home.test.NavbarTest@2d7275fc]" started-at="2023-06-13T20:42:45 AST" name="beforeTest" finished-at="2023-06-13T20:42:47 AST" duration-ms="1702" status="PASS">
          <reporter-output>
          </reporter-output>
        </test-method> <!-- beforeTest -->
        <test-method signature="testRegister()[pri:0, instance:com.home.test.NavbarTest@2d7275fc]" started-at="2023-06-13T20:42:47 AST" name="testRegister" finished-at="2023-06-13T20:42:48 AST" duration-ms="1234" status="PASS">
          <reporter-output>
          </reporter-output>
        </test-method> <!-- testRegister -->
        <test-method is-config="true" signature="beforeTest()[pri:0, instance:com.home.test.NavbarTest@2d7275fc]" started-at="2023-06-13T20:42:48 AST" name="beforeTest" finished-at="2023-06-13T20:42:50 AST" duration-ms="1763" status="PASS">
          <reporter-output>
          </reporter-output>
        </test-method> <!-- beforeTest -->
        <test-method signature="testcvServices()[pri:0, instance:com.home.test.NavbarTest@2d7275fc]" started-at="2023-06-13T20:42:50 AST" name="testcvServices" finished-at="2023-06-13T20:42:51 AST" duration-ms="686" status="PASS">
          <reporter-output>
          </reporter-output>
        </test-method> <!-- testcvServices -->
        <test-method is-config="true" signature="tearDown()[pri:0, instance:com.home.test.NavbarTest@2d7275fc]" started-at="2023-06-13T20:42:51 AST" name="tearDown" finished-at="2023-06-13T20:42:51 AST" duration-ms="219" status="PASS">
          <reporter-output>
          </reporter-output>
        </test-method> <!-- tearDown -->
      </class> <!-- com.home.test.NavbarTest -->
    </test> <!-- Default test -->
  </suite> <!-- Default suite -->
</testng-results>
